Solution Number: 1
.#..
...#
#...
..#.
Solution Number: 2
..#.
#...
...#
.#..
Solution Number: 1
#....
..#..
....#
.#...
...#.
Solution Number: 2
#....
...#.
.#...
....#
..#..
Solution Number: 3
.#...
...#.
#....
..#..
....#
Solution Number: 4
.#...
....#
..#..
#....
...#.
Solution Number: 5
..#..
#....
...#.
.#...
....#
Solution Number: 6
..#..
....#
.#...
...#.
#....
Solution Number: 7
...#.
#....
..#..
....#
.#...
Solution Number: 8
...#.
.#...
....#
..#..
#....
Solution Number: 9
....#
.#...
...#.
#....
..#..
Solution Number: 10
....#
..#..
#....
...#.
.#...
Solution Number: 1
.#....
...#..
.....#
#.....
..#...
....#.
Solution Number: 2
..#...
.....#
.#....
....#.
#.....
...#..
Solution Number: 3
...#..
#.....
....#.
.#....
.....#
..#...
Solution Number: 4
....#.
..#...
#.....
.....#
...#..
.#....
Solution Number: 1
#......
..#....
....#..
......#
.#.....
...#...
.....#.
Solution Number: 2
#......
...#...
......#
..#....
.....#.
.#.....
....#..
Solution Number: 3
#......
....#..
.#.....
.....#.
..#....
......#
...#...
Solution Number: 4
#......
.....#.
...#...
.#.....
......#
....#..
..#....
Solution Number: 5
.#.....
...#...
#......
......#
....#..
..#....
.....#.
Solution Number: 6
.#.....
...#...
.....#.
#......
..#....
....#..
......#
Solution Number: 7
.#.....
....#..
#......
...#...
......#
..#....
.....#.
Solution Number: 8
.#.....
....#..
..#....
#......
......#
...#...
.....#.
Solution Number: 9
.#.....
....#..
......#
...#...
#......
..#....
.....#.
Solution Number: 10
.#.....
.....#.
..#....
......#
...#...
#......
....#..
Solution Number: 11
.#.....
......#
....#..
..#....
#......
.....#.
...#...
Solution Number: 12
..#....
#......
.....#.
.#.....
....#..
......#
...#...
Solution Number: 13
..#....
#......
.....#.
...#...
.#.....
......#
....#..
Solution Number: 14
..#....
....#..
......#
.#.....
...#...
.....#.
#......
Solution Number: 15
..#....
.....#.
.#.....
....#..
#......
...#...
......#
Solution Number: 16
..#....
......#
.#.....
...#...
.....#.
#......
....#..
Solution Number: 17
..#....
......#
...#...
#......
....#..
.#.....
.....#.
Solution Number: 18
...#...
#......
..#....
.....#.
.#.....
......#
....#..
Solution Number: 19
...#...
#......
....#..
.#.....
.....#.
..#....
......#
Solution Number: 20
...#...
.#.....
......#
....#..
..#....
#......
.....#.
Solution Number: 21
...#...
.....#.
#......
..#....
....#..
......#
.#.....
Solution Number: 22
...#...
......#
..#....
.....#.
.#.....
....#..
#......
Solution Number: 23
...#...
......#
....#..
.#.....
.....#.
#......
..#....
Solution Number: 24
....#..
#......
...#...
......#
..#....
.....#.
.#.....
Solution Number: 25
....#..
#......
.....#.
...#...
.#.....
......#
..#....
Solution Number: 26
....#..
.#.....
.....#.
..#....
......#
...#...
#......
Solution Number: 27
....#..
..#....
#......
.....#.
...#...
.#.....
......#
Solution Number: 28
....#..
......#
.#.....
...#...
.....#.
#......
..#....
Solution Number: 29
....#..
......#
.#.....
.....#.
..#....
#......
...#...
Solution Number: 30
.....#.
#......
..#....
....#..
......#
.#.....
...#...
Solution Number: 31
.....#.
.#.....
....#..
#......
...#...
......#
..#....
Solution Number: 32
.....#.
..#....
#......
...#...
......#
....#..
.#.....
Solution Number: 33
.....#.
..#....
....#..
......#
#......
...#...
.#.....
Solution Number: 34
.....#.
..#....
......#
...#...
#......
....#..
.#.....
Solution Number: 35
.....#.
...#...
.#.....
......#
....#..
..#....
#......
Solution Number: 36
.....#.
...#...
......#
#......
..#....
....#..
.#.....
Solution Number: 37
......#
.#.....
...#...
.....#.
#......
..#....
....#..
Solution Number: 38
......#
..#....
.....#.
.#.....
....#..
#......
...#...
Solution Number: 39
......#
...#...
#......
....#..
.#.....
.....#.
..#....
Solution Number: 40
......#
....#..
..#....
#......
.....#.
...#...
.#.....
Solution Number: 1
#.......
....#...
.......#
.....#..
..#.....
......#.
.#......
...#....
Solution Number: 2
#.......
.....#..
.......#
..#.....
......#.
...#....
.#......
....#...
Solution Number: 3
#.......
......#.
...#....
.....#..
.......#
.#......
....#...
..#.....
Solution Number: 4
#.......
......#.
....#...
.......#
.#......
...#....
.....#..
..#.....
Solution Number: 5
.#......
...#....
.....#..
.......#
..#.....
#.......
......#.
....#...
Solution Number: 6
.#......
....#...
......#.
#.......
..#.....
.......#
.....#..
...#....
Solution Number: 7
.#......
....#...
......#.
...#....
#.......
.......#
.....#..
..#.....
Solution Number: 8
.#......
.....#..
#.......
......#.
...#....
.......#
..#.....
....#...
Solution Number: 9
.#......
.....#..
.......#
..#.....
#.......
...#....
......#.
....#...
Solution Number: 10
.#......
......#.
..#.....
.....#..
.......#
....#...
#.......
...#....
Solution Number: 11
.#......
......#.
....#...
.......#
#.......
...#....
.....#..
..#.....
Solution Number: 12
.#......
.......#
.....#..
#.......
..#.....
....#...
......#.
...#....
Solution Number: 13
..#.....
#.......
......#.
....#...
.......#
.#......
...#....
.....#..
Solution Number: 14
..#.....
....#...
.#......
.......#
#.......
......#.
...#....
.....#..
Solution Number: 15
..#.....
....#...
.#......
.......#
.....#..
...#....
......#.
#.......
Solution Number: 16
..#.....
....#...
......#.
#.......
...#....
.#......
.......#
.....#..
Solution Number: 17
..#.....
....#...
.......#
...#....
#.......
......#.
.#......
.....#..
Solution Number: 18
..#.....
.....#..
.#......
....#...
.......#
#.......
......#.
...#....
Solution Number: 19
..#.....
.....#..
.#......
......#.
#.......
...#....
.......#
....#...
Solution Number: 20
..#.....
.....#..
.#......
......#.
....#...
#.......
.......#
...#....
Solution Number: 21
..#.....
.....#..
...#....
#.......
.......#
....#...
......#.
.#......
Solution Number: 22
..#.....
.....#..
...#....
.#......
.......#
....#...
......#.
#.......
Solution Number: 23
..#.....
.....#..
.......#
#.......
...#....
......#.
....#...
.#......
Solution Number: 24
..#.....
.....#..
.......#
#.......
....#...
......#.
.#......
...#....
Solution Number: 25
..#.....
.....#..
.......#
.#......
...#....
#.......
......#.
....#...
Solution Number: 26
..#.....
......#.
.#......
.......#
....#...
#.......
...#....
.....#..
Solution Number: 27
..#.....
......#.
.#......
.......#
.....#..
...#....
#.......
....#...
Solution Number: 28
..#.....
.......#
...#....
......#.
#.......
.....#..
.#......
....#...
Solution Number: 29
...#....
#.......
....#...
.......#
.#......
......#.
..#.....
.....#..
Solution Number: 30
...#....
#.......
....#...
.......#
.....#..
..#.....
......#.
.#......
Solution Number: 31
...#....
.#......
....#...
.......#
.....#..
#.......
..#.....
......#.
Solution Number: 32
...#....
.#......
......#.
..#.....
.....#..
.......#
#.......
....#...
Solution Number: 33
...#....
.#......
......#.
..#.....
.....#..
.......#
....#...
#.......
Solution Number: 34
...#....
.#......
......#.
....#...
#.......
.......#
.....#..
..#.....
Solution Number: 35
...#....
.#......
.......#
....#...
......#.
#.......
..#.....
.....#..
Solution Number: 36
...#....
.#......
.......#
.....#..
#.......
..#.....
....#...
......#.
Solution Number: 37
...#....
.....#..
#.......
....#...
.#......
.......#
..#.....
......#.
Solution Number: 38
...#....
.....#..
.......#
.#......
......#.
#.......
..#.....
....#...
Solution Number: 39
...#....
.....#..
.......#
..#.....
#.......
......#.
....#...
.#......
Solution Number: 40
...#....
......#.
#.......
.......#
....#...
.#......
.....#..
..#.....
Solution Number: 41
...#....
......#.
..#.....
.......#
.#......
....#...
#.......
.....#..
Solution Number: 42
...#....
......#.
....#...
.#......
.....#..
#.......
..#.....
.......#
Solution Number: 43
...#....
......#.
....#...
..#.....
#.......
.....#..
.......#
.#......
Solution Number: 44
...#....
.......#
#.......
..#.....
.....#..
.#......
......#.
....#...
Solution Number: 45
...#....
.......#
#.......
....#...
......#.
.#......
.....#..
..#.....
Solution Number: 46
...#....
.......#
....#...
..#.....
#.......
......#.
.#......
.....#..
Solution Number: 47
....#...
#.......
...#....
.....#..
.......#
.#......
......#.
..#.....
Solution Number: 48
....#...
#.......
.......#
...#....
.#......
......#.
..#.....
.....#..
Solution Number: 49
....#...
#.......
.......#
.....#..
..#.....
......#.
.#......
...#....
Solution Number: 50
....#...
.#......
...#....
.....#..
.......#
..#.....
#.......
......#.
Solution Number: 51
....#...
.#......
...#....
......#.
..#.....
.......#
.....#..
#.......
Solution Number: 52
....#...
.#......
.....#..
#.......
......#.
...#....
.......#
..#.....
Solution Number: 53
....#...
.#......
.......#
#.......
...#....
......#.
..#.....
.....#..
Solution Number: 54
....#...
..#.....
#.......
.....#..
.......#
.#......
...#....
......#.
Solution Number: 55
....#...
..#.....
#.......
......#.
.#......
.......#
.....#..
...#....
Solution Number: 56
....#...
..#.....
.......#
...#....
......#.
#.......
.....#..
.#......
Solution Number: 57
....#...
......#.
#.......
..#.....
.......#
.....#..
...#....
.#......
Solution Number: 58
....#...
......#.
#.......
...#....
.#......
.......#
.....#..
..#.....
Solution Number: 59
....#...
......#.
.#......
...#....
.......#
#.......
..#.....
.....#..
Solution Number: 60
....#...
......#.
.#......
.....#..
..#.....
#.......
...#....
.......#
Solution Number: 61
....#...
......#.
.#......
.....#..
..#.....
#.......
.......#
...#....
Solution Number: 62
....#...
......#.
...#....
#.......
..#.....
.......#
.....#..
.#......
Solution Number: 63
....#...
.......#
...#....
#.......
..#.....
.....#..
.#......
......#.
Solution Number: 64
....#...
.......#
...#....
#.......
......#.
.#......
.....#..
..#.....
Solution Number: 65
.....#..
#.......
....#...
.#......
.......#
..#.....
......#.
...#....
Solution Number: 66
.....#..
.#......
......#.
#.......
..#.....
....#...
.......#
...#....
Solution Number: 67
.....#..
.#......
......#.
#.......
...#....
.......#
....#...
..#.....
Solution Number: 68
.....#..
..#.....
#.......
......#.
....#...
.......#
.#......
...#....
Solution Number: 69
.....#..
..#.....
#.......
.......#
...#....
.#......
......#.
....#...
Solution Number: 70
.....#..
..#.....
#.......
.......#
....#...
.#......
...#....
......#.
Solution Number: 71
.....#..
..#.....
....#...
......#.
#.......
...#....
.#......
.......#
Solution Number: 72
.....#..
..#.....
....#...
.......#
#.......
...#....
.#......
......#.
Solution Number: 73
.....#..
..#.....
......#.
.#......
...#....
.......#
#.......
....#...
Solution Number: 74
.....#..
..#.....
......#.
.#......
.......#
....#...
#.......
...#....
Solution Number: 75
.....#..
..#.....
......#.
...#....
#.......
.......#
.#......
....#...
Solution Number: 76
.....#..
...#....
#.......
....#...
.......#
.#......
......#.
..#.....
Solution Number: 77
.....#..
...#....
.#......
.......#
....#...
......#.
#.......
..#.....
Solution Number: 78
.....#..
...#....
......#.
#.......
..#.....
....#...
.#......
.......#
Solution Number: 79
.....#..
...#....
......#.
#.......
.......#
.#......
....#...
..#.....
Solution Number: 80
.....#..
.......#
.#......
...#....
#.......
......#.
....#...
..#.....
Solution Number: 81
......#.
#.......
..#.....
.......#
.....#..
...#....
.#......
....#...
Solution Number: 82
......#.
.#......
...#....
#.......
.......#
....#...
..#.....
.....#..
Solution Number: 83
......#.
.#......
.....#..
..#.....
#.......
...#....
.......#
....#...
Solution Number: 84
......#.
..#.....
#.......
.....#..
.......#
....#...
.#......
...#....
Solution Number: 85
......#.
..#.....
.......#
.#......
....#...
#.......
.....#..
...#....
Solution Number: 86
......#.
...#....
.#......
....#...
.......#
#.......
..#.....
.....#..
Solution Number: 87
......#.
...#....
.#......
.......#
.....#..
#.......
..#.....
....#...
Solution Number: 88
......#.
....#...
..#.....
#.......
.....#..
.......#
.#......
...#....
Solution Number: 89
.......#
.#......
...#....
#.......
......#.
....#...
..#.....
.....#..
Solution Number: 90
.......#
.#......
....#...
..#.....
#.......
......#.
...#....
.....#..
Solution Number: 91
.......#
..#.....
#.......
.....#..
.#......
....#...
......#.
...#....
Solution Number: 92
.......#
...#....
#.......
..#.....
.....#..
.#......
......#.
....#...
